<?xml version="1.0" encoding="UTF-8"?>
<!-- Generated by org.testng.reporters.JUnitXMLReporter -->
<testsuite hostname="Guneys-MacBook-Pro.local" ignored="0" name="Default test" tests="4" failures="0" timestamp="2020-02-21T12:14:27 EST" time="47.735" errors="0">
  <testcase name="test4" time="5.399" classname="com.herokuapp.testleaf.Alert"/>
  <testcase name="login" time="6.187" classname="com.herokuapp.testleaf.Alert"/>
  <testcase name="accountPage" time="4.313" classname="com.herokuapp.testleaf.Alert"/>
  <testcase name="test3" time="8.263" classname="com.herokuapp.testleaf.Alert"/>
</testsuite> <!-- Default test -->
